
> auditvia@0.1.0 start
> next start -H 0.0.0.0 -p 3000

   ▲ Next.js 15.3.5
   - Local:        http://localhost:3000
   - Network:      http://0.0.0.0:3000

 ✓ Starting...
2025-07-10T16:52:33.911Z next:router-server:filesystem nextDataRoutes Set(0) {}
2025-07-10T16:52:33.912Z next:router-server:filesystem dynamicRoutes [
  {
    page: '/api/audit-results/[scanId]',
    regex: '^/api/audit\\-results/([^/]+?)(?:/)?$',
    routeKeys: { nxtPscanId: 'nxtPscanId' },
    namedRegex: '^/api/audit\\-results/(?<nxtPscanId>[^/]+?)(?:/)?$',
    match: [Function (anonymous)]
  },
  {
    page: '/api/auth/[...nextauth]',
    regex: '^/api/auth/(.+?)(?:/)?$',
    routeKeys: { nxtPnextauth: 'nxtPnextauth' },
    namedRegex: '^/api/auth/(?<nxtPnextauth>.+?)(?:/)?$',
    match: [Function (anonymous)]
  },
  {
    page: '/api/scans/[scanId]/issues',
    regex: '^/api/scans/([^/]+?)/issues(?:/)?$',
    routeKeys: { nxtPscanId: 'nxtPscanId' },
    namedRegex: '^/api/scans/(?<nxtPscanId>[^/]+?)/issues(?:/)?$',
    match: [Function (anonymous)]
  },
  {
    page: '/api/sites/[siteId]',
    regex: '^/api/sites/([^/]+?)(?:/)?$',
    routeKeys: { nxtPsiteId: 'nxtPsiteId' },
    namedRegex: '^/api/sites/(?<nxtPsiteId>[^/]+?)(?:/)?$',
    match: [Function (anonymous)]
  },
  {
    page: '/api/sites/[siteId]/monitoring',
    regex: '^/api/sites/([^/]+?)/monitoring(?:/)?$',
    routeKeys: { nxtPsiteId: 'nxtPsiteId' },
    namedRegex: '^/api/sites/(?<nxtPsiteId>[^/]+?)/monitoring(?:/)?$',
    match: [Function (anonymous)]
  },
  {
    page: '/api/sites/[siteId]/scans',
    regex: '^/api/sites/([^/]+?)/scans(?:/)?$',
    routeKeys: { nxtPsiteId: 'nxtPsiteId' },
    namedRegex: '^/api/sites/(?<nxtPsiteId>[^/]+?)/scans(?:/)?$',
    match: [Function (anonymous)]
  },
  {
    page: '/blog/[slug]',
    regex: '^/blog/([^/]+?)(?:/)?$',
    routeKeys: { nxtPslug: 'nxtPslug' },
    namedRegex: '^/blog/(?<nxtPslug>[^/]+?)(?:/)?$',
    match: [Function (anonymous)]
  },
  {
    page: '/dashboard/reports/[scanId]',
    regex: '^/dashboard/reports/([^/]+?)(?:/)?$',
    routeKeys: { nxtPscanId: 'nxtPscanId' },
    namedRegex: '^/dashboard/reports/(?<nxtPscanId>[^/]+?)(?:/)?$',
    match: [Function (anonymous)]
  },
  {
    page: '/dashboard/sites/[siteId]',
    regex: '^/dashboard/sites/([^/]+?)(?:/)?$',
    routeKeys: { nxtPsiteId: 'nxtPsiteId' },
    namedRegex: '^/dashboard/sites/(?<nxtPsiteId>[^/]+?)(?:/)?$',
    match: [Function (anonymous)]
  },
  {
    page: '/dashboard/sites/[siteId]/embed',
    regex: '^/dashboard/sites/([^/]+?)/embed(?:/)?$',
    routeKeys: { nxtPsiteId: 'nxtPsiteId' },
    namedRegex: '^/dashboard/sites/(?<nxtPsiteId>[^/]+?)/embed(?:/)?$',
    match: [Function (anonymous)]
  },
  {
    page: '/dashboard/sites/[siteId]/history',
    regex: '^/dashboard/sites/([^/]+?)/history(?:/)?$',
    routeKeys: { nxtPsiteId: 'nxtPsiteId' },
    namedRegex: '^/dashboard/sites/(?<nxtPsiteId>[^/]+?)/history(?:/)?$',
    match: [Function (anonymous)]
  },
  {
    page: '/dashboard/sites/[siteId]/settings',
    regex: '^/dashboard/sites/([^/]+?)/settings(?:/)?$',
    routeKeys: { nxtPsiteId: 'nxtPsiteId' },
    namedRegex: '^/dashboard/sites/(?<nxtPsiteId>[^/]+?)/settings(?:/)?$',
    match: [Function (anonymous)]
  },
  {
    page: '/report/[scanId]',
    regex: '^/report/([^/]+?)(?:/)?$',
    routeKeys: { nxtPscanId: 'nxtPscanId' },
    namedRegex: '^/report/(?<nxtPscanId>[^/]+?)(?:/)?$',
    match: [Function (anonymous)]
  },
  {
    page: '/scan/[scanId]',
    regex: '^/scan/([^/]+?)(?:/)?$',
    routeKeys: { nxtPscanId: 'nxtPscanId' },
    namedRegex: '^/scan/(?<nxtPscanId>[^/]+?)(?:/)?$',
    match: [Function (anonymous)]
  },
  {
    page: '/sites/[siteId]/history',
    regex: '^/sites/([^/]+?)/history(?:/)?$',
    routeKeys: { nxtPsiteId: 'nxtPsiteId' },
    namedRegex: '^/sites/(?<nxtPsiteId>[^/]+?)/history(?:/)?$',
    match: [Function (anonymous)]
  },
  {
    page: '/sites/[siteId]/report/[scanId]',
    regex: '^/sites/([^/]+?)/report/([^/]+?)(?:/)?$',
    routeKeys: { nxtPsiteId: 'nxtPsiteId', nxtPscanId: 'nxtPscanId' },
    namedRegex: '^/sites/(?<nxtPsiteId>[^/]+?)/report/(?<nxtPscanId>[^/]+?)(?:/)?$',
    match: [Function (anonymous)]
  },
  {
    page: '/sites/[siteId]/scans/[scanId]',
    regex: '^/sites/([^/]+?)/scans/([^/]+?)(?:/)?$',
    routeKeys: { nxtPsiteId: 'nxtPsiteId', nxtPscanId: 'nxtPscanId' },
    namedRegex: '^/sites/(?<nxtPsiteId>[^/]+?)/scans/(?<nxtPscanId>[^/]+?)(?:/)?$',
    match: [Function (anonymous)]
  }
]
2025-07-10T16:52:33.919Z next:router-server:filesystem customRoutes {
  redirects: [
    {
      source: '/:path+/',
      destination: '/:path+',
      internal: true,
      statusCode: 308,
      regex: '^(?:/((?:[^/]+?)(?:/(?:[^/]+?))*))/$'
    }
  ],
  rewrites: { beforeFiles: [], afterFiles: [], fallback: [] },
  headers: [ { source: '/(.*)', headers: [Array], regex: '^(?:/(.*))(?:/)?$' } ]
}
2025-07-10T16:52:33.920Z next:router-server:filesystem publicFolderItems Set(6) {
  '/embed.js',
  '/file.svg',
  '/globe.svg',
  '/next.svg',
  '/vercel.svg',
  '/window.svg'
}
2025-07-10T16:52:33.920Z next:router-server:filesystem nextStaticFolderItems Set(63) {
  '/_next/static/UuFwUuzmT7v16WS58E5i3/_buildManifest.js',
  '/_next/static/UuFwUuzmT7v16WS58E5i3/_ssgManifest.js',
  '/_next/static/chunks/1684-575a92e8b585f418.js',
  '/_next/static/chunks/2108-b57ead8e8769dfe8.js',
  '/_next/static/chunks/2812-ef88106c0d8b1110.js',
  '/_next/static/chunks/3349-753e795e4ff406d1.js',
  '/_next/static/chunks/3568-217f8c76ccf7a4eb.js',
  '/_next/static/chunks/4277-4b9b3d4803ab3a40.js',
  '/_next/static/chunks/493-0402d8979b65a5d7.js',
  '/_next/static/chunks/498-51222381c679a996.js',
  '/_next/static/chunks/4bd1b696-3b643603193e7127.js',
  '/_next/static/chunks/5296-f910c1e208ee8c2f.js',
  '/_next/static/chunks/6766-e27d50cb106347c9.js',
  '/_next/static/chunks/6874-4a45378102251ed2.js',
  '/_next/static/chunks/7426-3c33e7f619689432.js',
  '/_next/static/chunks/9355-6f5f1c909df993fa.js',
  '/_next/static/chunks/9431-89a2ccbff1372225.js',
  '/_next/static/chunks/app/_not-found/page-280d685642ba08e7.js',
  '/_next/static/chunks/app/api/audit-results/%5BscanId%5D/route-06f2b1caf4a1db4e.js',
  '/_next/static/chunks/app/api/audit-results/route-a46c7f881fd1d1ec.js',
  '/_next/static/chunks/app/api/audit/route-212f3c492dd16e7d.js',
  '/_next/static/chunks/app/api/auth/%5B...nextauth%5D/route-d748c9fa48fe6c88.js',
  '/_next/static/chunks/app/api/email/daily-summary/route-f510e2a587292499.js',
  '/_next/static/chunks/app/api/health/route-8c6a24315b1f9ed5.js',
  '/_next/static/chunks/app/api/scan/route-f3d0b8588f138dec.js',
  '/_next/static/chunks/app/api/scans/%5BscanId%5D/issues/route-774cb71eaa1820fa.js',
  '/_next/static/chunks/app/api/scheduled-scans/route-eee1ef110bbd48a0.js',
  '/_next/static/chunks/app/api/sites/%5BsiteId%5D/monitoring/route-07df5b687f04260b.js',
  '/_next/static/chunks/app/api/sites/%5BsiteId%5D/route-6de7cf87139ba325.js',
  '/_next/static/chunks/app/api/sites/%5BsiteId%5D/scans/route-a418f27485fa59d1.js',
  '/_next/static/chunks/app/api/sites/route-8c7988ef09b46f00.js',
  '/_next/static/chunks/app/blog/%5Bslug%5D/page-137f153b9c2cbba4.js',
  '/_next/static/chunks/app/blog/page-13e22226a50bb5fa.js',
  '/_next/static/chunks/app/dashboard/page-975401fe9ea1d832.js',
  '/_next/static/chunks/app/dashboard/reports/%5BscanId%5D/page-ebf1c2e56b98319d.js',
  '/_next/static/chunks/app/dashboard/sites/%5BsiteId%5D/embed/page-32158fa887b7b3ea.js',
  '/_next/static/chunks/app/dashboard/sites/%5BsiteId%5D/history/page-d41d1f6086df6ccb.js',
  '/_next/static/chunks/app/dashboard/sites/%5BsiteId%5D/page-0c83b1c7e504ccbc.js',
  '/_next/static/chunks/app/dashboard/sites/%5BsiteId%5D/settings/page-3b0401a29a8e6422.js',
  '/_next/static/chunks/app/layout-54aa2f563f034c52.js',
  '/_next/static/chunks/app/page-790be079175311db.js',
  '/_next/static/chunks/app/report/%5BscanId%5D/not-found-bf78324cb43381a6.js',
  '/_next/static/chunks/app/report/%5BscanId%5D/page-56f9b6c946277c56.js',
  '/_next/static/chunks/app/scan/%5BscanId%5D/page-57b47045533bfffe.js',
  '/_next/static/chunks/app/sites/%5BsiteId%5D/history/page-d2b9b52bf89070db.js',
  '/_next/static/chunks/app/sites/%5BsiteId%5D/report/%5BscanId%5D/page-7f0bb64b9aa27ce4.js',
  '/_next/static/chunks/app/sites/%5BsiteId%5D/scans/%5BscanId%5D/page-fdad4540dbcc3702.js',
  '/_next/static/chunks/ca377847-adcacce5edb21286.js',
  '/_next/static/chunks/framework-a6f7d6353315b97b.js',
  '/_next/static/chunks/main-0eb029708ebe2354.js',
  '/_next/static/chunks/main-app-d4bed4cae97f0b3d.js',
  '/_next/static/chunks/pages/_app-eb694f3fd49020c8.js',
  '/_next/static/chunks/pages/_error-2b3482c094a540b4.js',
  '/_next/static/chunks/polyfills-42372ed130431b0a.js',
  '/_next/static/chunks/webpack-88535b8437a745d9.js',
  '/_next/static/css/ac3a62627aec77d0.css',
  '/_next/static/media/26a46d62cd723877-s.woff2',
  '/_next/static/media/55c55f0601d81cf3-s.woff2',
  '/_next/static/media/581909926a08bbc8-s.woff2',
  '/_next/static/media/8e9860b6e62d6359-s.woff2',
  '/_next/static/media/97e0cb1ae144a2a9-s.woff2',
  '/_next/static/media/df0a9ae256c0569c-s.woff2',
  '/_next/static/media/e4af272ccee01ff0-s.p.woff2'
}
2025-07-10T16:52:33.921Z next:router-server:filesystem pageFiles Set(4) { '/_app', '/_error', '/_document', '/404' }
2025-07-10T16:52:33.922Z next:router-server:filesystem appFiles Set(29) {
  '/_not-found',
  '/api/audit-results/[scanId]',
  '/api/audit',
  '/api/audit-results',
  '/api/email/daily-summary',
  '/api/scans/[scanId]/issues',
  '/api/scan',
  '/api/scheduled-scans',
  '/api/sites/[siteId]',
  '/api/sites/[siteId]/scans',
  '/api/sites/[siteId]/monitoring',
  '/api/sites',
  '/favicon.ico',
  '/api/health',
  '/api/auth/[...nextauth]',
  '/dashboard/reports/[scanId]',
  '/blog',
  '/dashboard',
  '/dashboard/sites/[siteId]',
  '/dashboard/sites/[siteId]/settings',
  '/',
  '/sites/[siteId]/scans/[scanId]',
  '/report/[scanId]',
  '/sites/[siteId]/history',
  '/sites/[siteId]/report/[scanId]',
  '/blog/[slug]',
  '/dashboard/sites/[siteId]/embed',
  '/dashboard/sites/[siteId]/history',
  '/scan/[scanId]'
}
 ✓ Ready in 2.3s
2025-07-10T16:52:34.407Z pw:channel <EVENT {"guid":"","method":"__create__","params":{"type":"BrowserType","initializer":{"executablePath":"/root/.cache/ms-playwright/chromium-1179/chrome-linux/chrome","name":"chromium"},"guid":"browser-type@3c58b07d3d4c7dac961863d3a35761d9"}}
2025-07-10T16:52:34.408Z pw:channel <EVENT {"guid":"","method":"__create__","params":{"type":"BrowserType","initializer":{"executablePath":"/root/.cache/ms-playwright/firefox-1488/firefox/firefox","name":"firefox"},"guid":"browser-type@ed1fbfb6ebe0f6c17ad15377838464ae"}}
2025-07-10T16:52:34.408Z pw:channel <EVENT {"guid":"","method":"__create__","params":{"type":"BrowserType","initializer":{"executablePath":"/root/.cache/ms-playwright/webkit-2182/pw_run.sh","name":"webkit"},"guid":"browser-type@68a8df0845cf388068be7755304d2d9b"}}
2025-07-10T16:52:34.408Z pw:channel <EVENT {"guid":"","method":"__create__","params":{"type":"BrowserType","initializer":{"executablePath":"","name":"bidi"},"guid":"browser-type@a98e463f4fab9187fcad4516cd3c61b2"}}
2025-07-10T16:52:34.409Z pw:channel <EVENT {"guid":"","method":"__create__","params":{"type":"BrowserType","initializer":{"executablePath":"","name":"bidi"},"guid":"browser-type@c0fcfd55914b9ef319fdff02dced9e57"}}
2025-07-10T16:52:34.409Z pw:channel <EVENT {"guid":"","method":"__create__","params":{"type":"Android","initializer":{},"guid":"android@f27eac17f66aee5261d288df2fc0bcb1"}}
2025-07-10T16:52:34.409Z pw:channel <EVENT {"guid":"","method":"__create__","params":{"type":"Electron","initializer":{},"guid":"electron@14684385dcacef1c3a1c5bbd2bb60728"}}
2025-07-10T16:52:34.411Z pw:channel <EVENT {"guid":"","method":"__create__","params":{"type":"LocalUtils","initializer":{"deviceDescriptors":[{"name":"Blackberry PlayBook","descriptor":{"userAgent":"Mozilla/5.0 (PlayBook; U; RIM Tablet OS 2.1.0; en-US) AppleWebKit/536.2+ (KHTML like Gecko) Version/18.5 Safari/536.2+","viewport":{"width":600,"height":1024},"deviceScaleFactor":1,"isMobile":true,"hasTouch":true,"defaultBrowserType":"webkit"}},{"name":"Blackberry PlayBook landscape","descriptor":{"userAgent":"Mozilla/5.0 (PlayBook; U; RIM Tablet OS 2.1.0; en-US) AppleWebKit/536.2+ (KHTML like Gecko) Version/18.5 Safari/536.2+","viewport":{"width":1024,"height":600},"deviceScaleFactor":1,"isMobile":true,"hasTouch":true,"defaultBrowserType":"webkit"}},{"name":"BlackBerry Z30","descriptor":{"userAgent":"Mozilla/5.0 (BB10; Touch) AppleWebKit/537.10+ (KHTML, like Gecko) Version/18.5 Mobile Safari/537.10+","viewport":{"width":360,"height":640},"deviceScaleFactor":2,"isMobile":true,"hasTouch":true,"defaultBrowserType":"webkit"}},{"name":"BlackBerry Z30 landscape","descriptor":{"userAgent":"Mozilla/5.0 (BB10; Touch) AppleWebKit/537.10+ (KHTML, like Gecko) Version/18.5 Mobile Safari/537.10+","viewport":{"width":640,"height":360},"deviceScaleFactor":2,"isMobile":true,"hasTouch":true,"defaultBrowserType":"webkit"}},{"name":"Galaxy Note 3","descriptor":{"userAgent":"Mozilla/5.0 (Linux; U; Android 4.3; en-us; SM-N900T Build/JSS15J) AppleWebKit/534.30 (KHTML, like Gecko) Version/18.5 Mobile Safari/534.30","viewport":{"width":360,"height":640},"deviceScaleFactor":3,"isMobile":true,"hasTouch":true,"defaultBrowserType":"webkit"}},{"name":"Galaxy Note 3 landscape","descriptor":{"userAgent":"Mozilla/5.0 (Linux; U; Android 4.3; en-us; SM-N900T Build/JSS15J) AppleWebKit/534.30 (KHTML, like Gecko) Version/18.5 Mobile Safari/534.30","viewport":{"width":640,"height":360},"deviceScaleFactor":3,"isMobile":true,"hasTouch":true,"defaultBrowserType":"webkit"}},{"name":"Galaxy Note II","descriptor":{"userAgent":"Mozilla/5.0 (Linux; U; Android 4.1; en-us; GT-N7100 Build/JRO03C) AppleWebKit/534.30 (KHTML, like Gecko) Version/18.5 Mobile Safari/534.30","viewport":{"width":360,"height":640},"deviceScaleFactor":2,"isMobile":true,"hasTouch":true,"defaultBrowserType":"webkit"}},{"name":"Galaxy Note II landscape","descriptor":{"userAgent":"Mozilla/5.0 (Linux; U; Android 4.1; en-us; GT-N7100 Build/JRO03C) AppleWebKit/534.30 (KHTML, like Gecko) Version/18.5 Mobile Safari/534.30","viewport":{"width":640,"height":360},"deviceScaleFactor":2,"isMobile":true,"hasTouch":true,"defaultBrowserType":"webkit"}},{"name":"Galaxy S III","descriptor":{"userAgent":"Mozilla/5.0 (Linux; U; Android 4.0; en-us; GT-I9300 Build/IMM76D) AppleWebKit/534.30 (KHTML, like Gecko) Version/18.5 Mobile Safari/534.30","viewport":{"width":360,"height":640},"deviceScaleFactor":2,"isMobile":true,"hasTouch":true,"defaultBrowserType":"webkit"}},{"name":"Galaxy S III landscape","descriptor":{"userAgent":"Mozilla/5.0 (Linux; U; Android 4.0; en-us; GT-I9300 Build/IMM76D) AppleWebKit/534.30 (KHTML, like Gecko) Version/18.5 Mobile Safari/534.30","viewport":{"width":640,"height":360},"deviceScaleFactor":2,"isMobile":true,"hasTouch":true,"defaultBrowserType":"webkit"}},{"name":"Galaxy S5","descriptor":{"userAgent":"Mozilla/5.0 (Linux; Android 5.0; SM-G900P Build/LRX21T) AppleWebKit/537.36 (KHTML, like Gecko) Chrome/138.0.7204.23 Mobile Safari/537.36","viewport":{"width":360,"height":640},"deviceScaleFactor":3,"isMobile":true,"hasTouch":true,"defaultBrowserType":"chromium"}},{"name":"Galaxy S5 landscape","descriptor":{"userAgent":"Mozilla/5.0 (Linux; Android 5.0; SM-G900P Build/LRX21T) AppleWebKit/537.36 (KHTML, like Gecko) Chrome/138.0.7204.23 Mobile Safari/537.36","viewport":{"width":640,"height":360},"deviceScaleFactor":3,"isMobile":true,"hasTouch":true,"defaultBrowserType":"chromium"}},{"name":"Galaxy S8","descriptor":{"userAgent":"Mozilla/5.0 (Linux; Android 7.0; SM-G950U Build/NRD90M) AppleWebKit/537.36 (KHTML, like Gecko) Chrome/138.0.7204.23 Mobile Safari/537.36","viewport":{"width":360,"height":740},"deviceScaleFactor":3,"isMobile":true,"hasTouch":true,"defaultBrowserType":"chromium"}},{"name":"Galaxy S8 landscape","descriptor":{"userAgent":"Mozilla/5.0 (Linux; Android 7.0; SM-G950U Build/NRD90M) AppleWebKit/537.36 (KHTML, like Gecko) Chrome/138.0.7204.23 Mobile Safari/537.36","viewport":{"width":740,"height":360},"deviceScaleFactor":3,"isMobile":true,"hasTouch":true,"defaultBrowserType":"chromium"}},{"name":"Galaxy S9+","descriptor":{"userAgent":"Mozilla/5.0 (Linux; Android 8.0.0; SM-G965U Build/R16NW) AppleWebKit/537.36 (KHTML, like Gecko) Chrome/138.0.7204.23 Mobile Safari/537.36","viewport":{"width":320,"height":658},"deviceScaleFactor":4.5,"isMobile":true,"hasTouch":true,"defaultBrowserType":"chromium"}},{"name":"Galaxy S9+ landscape","descriptor":{"userAgent":"Mozilla/5.0 (Linux; Android 8.0.0; SM-G965U Build/R16NW) AppleWebKit/537.36 (KHTML, like Gecko) Chrome/138.0.7204.23 Mobile Safari/537.36","viewport":{"width":658,"height":320},"deviceScaleFactor":4.5,"isMobile":true,"hasTouch":true,"defaultBrowserType":"chromium"}},{"name":"Galaxy S24","descriptor":{"userAgent":"Mozilla/5.0 (Linux; Android 14; SM-S921U) AppleWebKit/537.36 (KHTML, like Gecko) Chrome/138.0.7204.23 Mobile Safari/537.36","viewport":{"width":480,"height":1040},"deviceScaleFactor":2.25,"isMobile":true,"hasTouch":true,"defaultBrowserType":"chromium"}},{"name":"Galaxy S24 landscape","descriptor":{"userAgent":"Mozilla/5.0 (Linux; Android 14; SM-S921U) AppleWebKit/537.36 (KHTML, like Gecko) Chrome/138.0.7204.23 Mobile Safari/537.36","viewport":{"width":1040,"height":480},"deviceScaleFactor":2.25,"isMobile":true,"hasTouch":true,"defaultBrowserType":"chromium"}},{"name":"Galaxy A55","descriptor":{"userAgent":"Mozilla/5.0 (Linux; Android 14; SM-A556B) AppleWebKit/537.36 (KHTML, like Gecko) Chrome/138.0.7204.23 Mobile Safari/537.36","viewport":{"width":480,"height":1040},"deviceScaleFactor":2.25,"isMobile":true,"hasTouch":true,"defaultBrowserType":"chromium"}},{"name":"Galaxy A55 landscape","descriptor":{"userAgent":"Mozilla/5.0 (Linux; Android 14; SM-A556B) AppleWebKit/537.36 (KHTML, like Gecko) Chrome/138.0.7204.23 Mobile Safari/537.36","viewport":{"width":1040,"height":480},"deviceScaleFactor":2.25,"isMobile":true,"hasTouch":true,"defaultBrowserType":"chromium"}},{"name":"Galaxy Tab S4","descriptor":{"userAgent":"Mozilla/5.0 (Linux; Android 8.1.0; SM-T837A) AppleWebKit/537.36 (KHTML, like Gecko) Chrome/138.0.7204.23 Safari/537.36","viewport":{"width":712,"height":1138},"deviceScaleFactor":2.25,"isMobile":true,"hasTouch":true,"defaultBrowserType":"chromium"}},{"name":"Galaxy Tab S4 landscape","descriptor":{"userAgent":"Mozilla/5.0 (Linux; Android 8.1.0; SM-T837A) AppleWebKit/537.36 (KHTML, like Gecko) Chrome/138.0.7204.23 Safari/537.36","viewport":{"width":1138,"height":712},"deviceScaleFactor":2.25,"isMobile":true,"hasTouch":true,"defaultBrowserType":"chromium"}},{"name":"Galaxy Tab S9","descriptor":{"userAgent":"Mozilla/5.0 (Linux; Android 14; SM-X710) AppleWebKit/537.36 (KHTML, like Gecko) Chrome/138.0.7204.23 Safari/537.36","viewport":{"width":640,"height":1024},"deviceScaleFactor":2.5,"isMobile":true,"hasTouch":true,"defaultBrowserType":"chromium"}},{"name":"Galaxy Tab S9 landscape","descriptor":{"userAgent":"Mozilla/5.0 (Linux; Android 14; SM-X710) AppleWebKit/537.36 (KHTML, like Gecko) Chrome/138.0.7204.23 Safari/537.36","viewport":{"width":1024,"height":640},"deviceScaleFactor":2.5,"isMobile":true,"hasTouch":true,"defaultBrowserType":"chromium"}},{"name":"iPad (gen 5)","descriptor":{"userAgent":"Mozilla/5.0 (iPad; CPU OS 12_2 like Mac OS X) AppleWebKit/605.1.15 (KHTML, like Gecko) Version/18.5 Mobile/15E148 Safari/604.1","viewport":{"width":768,"height":1024},"deviceScaleFactor":2,"isMobile":true,"hasTouch":true,"defaultBrowserType":"webkit"}},{"name":"iPad (gen 5) landscape","descriptor":{"userAgent":"Mozilla/5.0 (iPad; CPU OS 12_2 like Mac OS X) AppleWebKit/605.1.15 (KHTML, like Gecko) Version/18.5 Mobile/15E148 Safari/604.1","viewport":{"width":1024,"height":768},"deviceScaleFactor":2,"isMobile":true,"hasTouch":true,"defaultBrowserType":"webkit"}},{"name":"iPad (gen 6)","descriptor":{"userAgent":"Mozilla/5.0 (iPad; CPU OS 12_2 like Mac OS X) AppleWebKit/605.1.15 (KHTML, like Gecko) Version/18.5 Mobile/15E148 Safari/604.1","viewport":{"width":768,"height":1024},"deviceScaleFactor":2,"isMobile":true,"hasTouch":true,"defaultBrowserType":"webkit"}},{"name":"iPad (gen 6) landscape","descriptor":{"userAgent":"Mozilla/5.0 (iPad; CPU OS 12_2 like Mac OS X) AppleWebKit/605.1.15 (KHTML, like Gecko) Version/18.5 Mobile/15E148 Safari/604.1","viewport":{"width":1024,"height":768},"deviceScaleFactor":2,"isMobile":true,"hasTouch":true,"defaultBrowserType":"webkit"}},{"name":"iPad (gen 7)","descriptor":{"userAgent":"Mozilla/5.0 (iPad; CPU OS 12_2 like Mac OS X) AppleWebKit/605.1.15 (KHTML, like Gecko) Version/18.5 Mobile/15E148 Safari/604.1","viewport":{"width":810,"height":1080},"deviceScaleFactor":2,"isMobile":true,"hasTouch":true,"defaultBrowserType":"webkit"}},{"name":"iPad (gen 7) landscape","descriptor":{"userAgent":"Mozilla/5.0 (iPad; CPU OS 12_2 like Mac OS X) AppleWebKit/605.1.15 (KHTML, like Gecko) Version/18.5 Mobile/15E148 Safari/604.1","viewport":{"width":1080,"height":810},"deviceScaleFactor":2,"isMobile":true,"hasTouch":true,"defaultBrowserType":"webkit"}},{"name":"iPad (gen 11)","descriptor":{"userAgent":"Mozilla/5.0 (iPad; CPU OS 18_5 like Mac OS X) AppleWebKit/605.1.15 (KHTML, like Gecko) Version/18.5 Mobile/19E241 Safari/604.1","viewport":{"width":656,"height":944},"deviceScaleFactor":2.5,"isMobile":true,"hasTouch":true,"defaultBrowserType":"webkit"}},{"name":"iPad (gen 11) landscape","descriptor":{"userAgent":"Mozilla/5.0 (iPad; CPU OS 18_5 like Mac OS X) AppleWebKit/605.1.15 (KHTML, like Gecko) Version/18.5 Mobile/19E241 Safari/604.1","viewport":{"width":944,"height":656},"deviceScaleFactor":2.5,"isMobile":true,"hasTouch":true,"defaultBrowserType":"webkit"}},{"name":"iPad Mini","descriptor":{"userAgent":"Mozilla/5.0 (iPad; CPU OS 12_2 like Mac OS X) AppleWebKit/605.1.15 (KHTML, like Gecko) Version/18.5 Mobile/15E148 Safari/604.1","viewport":{"width":768,"height":1024},"deviceScaleFactor":2,"isMobile":true,"hasTouch":true,"defaultBrowserType":"webkit"}},{"name":"iPad Mini landscape","descriptor":{"userAgent":"Mozilla/5.0 (iPad; CPU OS 12_2 like Mac OS X) AppleWebKit/605.1.15 (KHTML, like Gecko) Version/18.5 Mobile/15E148 Safari/604.1","viewport":{"width":1024,"height":768},"deviceScaleFactor":2,"isMobile":true,"hasTouch":true,"defaultBrowserType":"webkit"}},{"name":"iPad Pro 11","descriptor":{"userAgent":"Mozilla/5.0 (iPad; CPU OS 12_2 like Mac OS X) AppleWebKit/605.1.15 (KHTML, like Gecko) Version/18.5 Mobile/15E148 Safari/604.1","viewport":{"width":834,"height":1194},"deviceScaleFactor":2,"isMobile":true,"hasTouch":true,"defaultBrowserType":"webkit"}},{"name":"iPad Pro 11 landscape","descriptor":{"userAgent":"Mozilla/5.0 (iPad; CPU OS 12_2 like Mac OS X) AppleWebKit/605.1.15 (KHTML, like Gecko) Version/18.5 Mobile/15E148 Safari/604.1","viewport":{"width":1194,"height":834},"deviceScaleFactor":2,"isMobile":true,"hasTouch":true,"defaultBrowserType":"webkit"}},{"name":"iPhone 6","descriptor":{"userAgent":"Mozilla/5.0 (iPhone; CPU iPhone OS 11_0 like Mac OS X) AppleWebKit/604.1.38 (KHTML, like Gecko) Version/18.5 Mobile/15A372 Safari/604.1","viewport":{"width":375,"height":667},"deviceScaleFactor":2,"isMobile":true,"hasTouch":true,"defaultBrowserType":"webkit"}},{"name":"iPhone 6 landscape","descriptor":{"userAgent":"Mozilla/5.0 (iPhone; CPU iPhone OS 11_0 like Mac OS X) AppleWebKit/604.1.38 (KHTML, like Gecko) Version/18.5 Mobile/15A372 Safari/604.1","viewport":{"width":667,"height":375},"deviceScaleFactor":2,"isMobile":true,"hasTouch":true,"defaultBrowserType":"webkit"}},{"name":"iPhone 6 Plus","descriptor":{"userAgent":"Mozilla/5.0 (iPhone; CPU iPhone OS 11_0 like Mac OS X) AppleWebKit/604.1.38 (KHTML, like Gecko) Version/18.5 Mobile/15A372 Safari/604.1","viewport":{"width":414,"height":736},"deviceScaleFactor":3,"isMobile":true,"hasTouch":true,"defaultBrowserType":"webkit"}},{"name":"iPhone 6 Plus landscape","descriptor":{"userAgent":"Mozilla/5.0 (iPhone; CPU iPhone OS 11_0 like Mac OS X) AppleWebKit/604.1.38 (KHTML, like Gecko) Version/18.5 Mobile/15A372 Safari/604.1","viewport":{"width":736,"height":414},"deviceScaleFactor":3,"isMobile":true,"hasTouch":true,"defaultBrowserType":"webkit"}},{"name":"iPhone 7","descriptor":{"userAgent":"Mozilla/5.0 (iPhone; CPU iPhone OS 11_0 like Mac OS X) AppleWebKit/604.1.38 (KHTML, like Gecko) Version/18.5 Mobile/15A372 Safari/604.1","viewport":{"width":375,"height":667},"deviceScaleFactor":2,"isMobile":true,"hasTouch":true,"defaultBrowserType":"webkit"}},{"name":"iPhone 7 landscape","descriptor":{"userAgent":"Mozilla/5.0 (iPhone; CPU iPhone OS 11_0 like Mac OS X) AppleWebKit/604.1.38 (KHTML, like Gecko) Version/18.5 Mobile/15A372 Safari/604.1","viewport":{"width":667,"height":375},"deviceScaleFactor":2,"isMobile":true,"hasTouch":true,"defaultBrowserType":"webkit"}},{"name":"iPhone 7 Plus","descriptor":{"userAgent":"Mozilla/5.0 (iPhone; CPU iPhone OS 11_0 like Mac OS X) AppleWebKit/604.1.38 (KHTML, like Gecko) Version/18.5 Mobile/15A372 Safari/604.1","viewport":{"width":414,"height":736},"deviceScaleFactor":3,"isMobile":true,"hasTouch":true,"defaultBrowserType":"webkit"}},{"name":"iPhone 7 Plus landscape","descriptor":{"userAgent":"Mozilla/5.0 (iPhone; CPU iPhone OS 11_0 like Mac OS X) AppleWebKit/604.1.38 (KHTML, like Gecko) Version/18.5 Mobile/15A372 Safari/604.1","viewport":{"width":736,"height":414},"deviceScaleFactor":3,"isMobile":true,"hasTouch":true,"defaultBrowserType":"webkit"}},{"name":"iPhone 8","descriptor":{"userAgent":"Mozilla/5.0 (iPhone; CPU iPhone OS 11_0 like Mac OS X) AppleWebKit/604.1.38 (KHTML, like Gecko) Version/18.5 Mobile/15A372 Safari/604.1","viewport":{"width":375,"height":667},"deviceScaleFactor":2,"isMobile":true,"hasTouch":true,"defaultBrowserType":"webkit"}},{"name":"iPhone 8 landscape","descriptor":{"userAgent":"Mozilla/5.0 (iPhone; CPU iPhone OS 11_0 like Mac OS X) AppleWebKit/604.1.38 (KHTML, like Gecko) Version/18.5 Mobile/15A372 Safari/604.1","viewport":{"width":667,"height":375},"deviceScaleFactor":2,"isMobile":true,"hasTouch":true,"defaultBrowserType":"webkit"}},{"name":"iPhone 8 Plus","descriptor":{"userAgent":"Mozilla/5.0 (iPhone; CPU iPhone OS 11_0 like Mac OS X) AppleWebKit/604.1.38 (KHTML, like Gecko) Version/18.5 Mobile/15A372 Safari/604.1","viewport":{"width":414,"height":736},"deviceScaleFactor":3,"isMobile":true,"hasTouch":true,"defaultBrowserType":"webkit"}},{"name":"iPhone 8 Plus landscape","descriptor":{"userAgent":"Mozilla/5.0 (iPhone; CPU iPhone OS 11_0 like Mac OS X) AppleWebKit/604.1.38 (KHTML, like Gecko) Version/18.5 Mobile/15A372 Safari/604.1","viewport":{"width":736,"height":414},"deviceScaleFactor":3,"isMobile":true,"hasTouch":true,"defaultBrowserType":"webkit"}},{"name":"iPhone SE","descriptor":{"userAgent":"Mozilla/5.0 (iPhone; CPU iPhone OS 10_3_1 like Mac OS X) AppleWebKit/603.1.30 (KHTML, like Gecko) Version/18.5 Mobile/14E304 Safari/602.1","viewport":{"width":320,"height":568},"deviceScaleFactor":2,"isMobile":true,"hasTouch":true,"defaultBrowserType":"webkit"}},{"name":"iPhone SE landscape","descriptor":{"userAgent":"Mozilla/5.0 (iPhone; CPU iPhone OS 10_3_1 like Mac OS X) AppleWebKit/603.1.30 (KHTML, like Gecko) Version/18.5 Mobile/14E304 Safari/602.1","viewport":{"width":568,"height":320},"deviceScaleFactor":2,"isMobile":true,"hasTouch":true,"defaultBrowserType":"webkit"}},{"name":"iPhone SE (3rd gen)","descriptor":{"userAgent":"Mozilla/5.0 (iPhone; CPU iPhone OS 18_5 like Mac OS X) AppleWebKit/603.1.30 (KHTML, like Gecko) Version/18.5 Mobile/19E241 Safari/602.1","viewport":{"width":375,"height":667},"deviceScaleFactor":2,"isMobile":true,"hasTouch":true,"defaultBrowserType":"webkit"}},{"name":"iPhone SE (3rd gen) landscape","descriptor":{"userAgent":"Mozilla/5.0 (iPhone; CPU iPhone OS 18_5 like Mac OS X) AppleWebKit/603.1.30 (KHTML, like Gecko) Version/18.5 Mobile/19E241 Safari/602.1","viewport":{"width":667,"height":375},"deviceScaleFactor":2,"isMobile":true,"hasTouch":true,"defaultBrowserType":"webkit"}},{"name":"iPhone X","descriptor":{"userAgent":"Mozilla/5.0 (iPhone; CPU iPhone OS 11_0 like Mac OS X) AppleWebKit/604.1.38 (KHTML, like Gecko) Version/18.5 Mobile/15A372 Safari/604.1","viewport":{"width":375,"height":812},"deviceScaleFactor":3,"isMobile":true,"hasTouch":true,"defaultBrowserType":"webkit"}},{"name":"iPhone X landscape","descriptor":{"userAgent":"Mozilla/5.0 (iPhone; CPU iPhone OS 11_0 like Mac OS X) AppleWebKit/604.1.38 (KHTML, like Gecko) Version/18.5 Mobile/15A372 Safari/604.1","viewport":{"width":812,"height":375},"deviceScaleFactor":3,"isMobile":true,"hasTouch":true,"defaultBrowserType":"webkit"}},{"name":"iPhone XR","descriptor":{"userAgent":"Mozilla/5.0 (iPhone; CPU iPhone OS 12_0 like Mac OS X) AppleWebKit/605.1.15 (KHTML, like Gecko) Version/18.5 Mobile/15E148 Safari/604.1","viewport":{"width":414,"height":896},"deviceScaleFactor":3,"isMobile":true,"hasTouch":true,"defaultBrowserType":"webkit"}},{"name":"iPhone XR landscape","descriptor":{"userAgent":"Mozilla/5.0 (iPhone; CPU iPhone OS 12_0 like Mac OS X) AppleWebKit/605.1.15 (KHTML, like Gecko) Version/18.5 Mobile/15E148 Safari/604.1","viewport":{"width":896,"height":414},"deviceScaleFactor":3,"isMobile":true,"hasTouch":true,"defaultBrowserType":"webkit"}},{"name":"iPhone 11","descriptor":{"userAgent":"Mozilla/5.0 (iPhone; CPU iPhone OS 12_2 like Mac OS X) AppleWebKit/605.1.15 (KHTML, like Gecko) Version/18.5 Mobile/15E148 Safari/604.1","viewport":{"width":414,"height":715},"screen":{"width":414,"height":896},"deviceScaleFactor":2,"isMobile":true,"hasTouch":true,"defaultBrowserType":"webkit"}},{"name":"iPhone 11 landscape","descriptor":{"userAgent":"Mozilla/5.0 (iPhone; CPU iPhone OS 12_2 like Mac OS X) AppleWebKit/605.1.15 (KHTML, like Gecko) Version/18.5 Mobile/15E148 Safari/604.1","viewport":{"width":800,"height":364},"screen":{"width":414,"height":896},"deviceScaleFactor":2,"isMobile":true,"hasTouch":true,"defaultBrowserType":"webkit"}},{"name":"iPhone 11 Pro","descriptor":{"userAgent":"Mozilla/5.0 (iPhone; CPU iPhone OS 12_2 like Mac OS X) AppleWebKit/605.1.15 (KHTML, like Gecko) Version/18.5 Mobile/15E148 Safari/604.1","viewport":{"width":375,"height":635},"screen":{"width":375,"height":812},"deviceScaleFactor":3,"isMobile":true,"hasTouch":true,"defaultBrowserType":"webkit"}},{"name":"iPhone 11 Pro landscape","descriptor":{"userAgent":"Mozilla/5.0 (iPhone; CPU iPhone OS 12_2 like Mac OS X) AppleWebKit/605.1.15 (KHTML, like Gecko) Version/18.5 Mobile/15E148 Safari/604.1","viewport":{"width":724,"height":325},"screen":{"width":375,"height":812},"deviceScaleFactor":3,"isMobile":true,"hasTouch":true,"defaultBrowserType":"webkit"}},{"name":"iPhone 11 Pro Max","descriptor":{"userAgent":"Mozilla/5.0 (iPhone; CPU iPhone OS 12_2 like Mac OS X) AppleWebKit/605.1.15 (KHTML, like Gecko) Version/18.5 Mobile/15E148 Safari/604.1","viewport":{"width":414,"height":715},"screen":{"width":414,"height":896},"deviceScaleFactor":3,"isMobile":true,"hasTouch":true,"defaultBrowserType":"webkit"}},{"name":"iPhone 11 Pro Max landscape","descriptor":{"userAgent":"Mozilla/5.0 (iPhone; CPU iPhone OS 12_2 like Mac OS X) AppleWebKit/605.1.15 (KHTML, like Gecko) Version/18.5 Mobile/15E148 Safari/604.1","viewport":{"width":808,"height":364},"screen":{"width":414,"height":896},"deviceScaleFactor":3,"isMobile":true,"hasTouch":true,"defaultBrowserType":"webkit"}},{"name":"iPhone 12","descriptor":{"userAgent":"Mozilla/5.0 (iPhone; CPU iPhone OS 14_4 like Mac OS X) AppleWebKit/605.1.15 (KHTML, like Gecko) Version/18.5 Mobile/15E148 Safari/604.1","viewport":{"width":390,"height":664},"screen":{"width":390,"height":844},"deviceScaleFactor":3,"isMobile":true,"hasTouch":true,"defaultBrowserType":"webkit"}},{"name":"iPhone 12 landscape","descriptor":{"userAgent":"Mozilla/5.0 (iPhone; CPU iPhone OS 14_4 like Mac OS X) AppleWebKit/605.1.15 (KHTML, like Gecko) Version/18.5 Mobile/15E148 Safari/604.1","viewport":{"width":750,"height":340},"screen":{"width":390,"height":844},"deviceScaleFactor":3,"isMobile":true,"hasTouch":true,"defaultBrowserType":"webkit"}},{"name":"iPhone 12 Pro","descriptor":{"userAgent":"Mozilla/5.0 (iPhone; CPU iPhone OS 14_4 like Mac OS X) AppleWebKit/605.1.15 (KHTML, like Gecko) Version/18.5 Mobile/15E148 Safari/604.1","viewport":{"width":390,"height":664},"screen":{"width":390,"height":844},"deviceScaleFactor":3,"isMobile":true,"hasTouch":true,"defaultBrowserType":"webkit"}},{"name":"iPhone 12 Pro landscape","descriptor":{"userAgent":"Mozilla/5.0 (iPhone; CPU iPhone OS 14_4 like Mac OS X) AppleWebKit/605.1.15 (KHTML, like Gecko) Version/18.5 Mobile/15E148 Safari/604.1","viewport":{"width":750,"height":340},"screen":{"width":390,"height":844},"deviceScaleFactor":3,"isMobile":true,"hasTouch":true,"defaultBrowserType":"webkit"}},{"name":"iPhone 12 Pro Max","descriptor":{"userAgent":"Mozilla/5.0 (iPhone; CPU iPhone OS 14_4 like Mac OS X) AppleWebKit/605.1.15 (KHTML, like Gecko) Version/18.5 Mobile/15E148 Safari/604.1","viewport":{"width":428,"height":746},"screen":{"width":428,"height":926},"deviceScaleFactor":3,"isMobile":true,"hasTouch":true,"defaultBrowserType":"webkit"}},{"name":"iPhone 12 Pro Max landscape","descriptor":{"userAgent":"Mozilla/5.0 (iPhone; CPU iPhone OS 14_4 like Mac OS X) AppleWebKit/605.1.15 (KHTML, like Gecko) Version/18.5 Mobile/15E148 Safari/604.1","viewport":{"width":832,"height":378},"screen":{"width":428,"height":926},"deviceScaleFactor":3,"isMobile":true,"hasTouch":true,"defaultBrowserType":"webkit"}},{"name":"iPhone 12 Mini","descriptor":{"userAgent":"Mozilla/5.0 (iPhone; CPU iPhone OS 14_4 like Mac OS X) AppleWebKit/605.1.15 (KHTML, like Gecko) Version/18.5 Mobile/15E148 Safari/604.1","viewport":{"width":375,"height":629},"screen":{"width":375,"height":812},"deviceScaleFactor":3,"isMobile":true,"hasTouch":true,"defaultBrowserType":"webkit"}},{"name":"iPhone 12 Mini landscape","descriptor":{"userAgent":"Mozilla/5.0 (iPhone; CPU iPhone OS 14_4 like Mac OS X) AppleWebKit/605.1.15 (KHTML, like Gecko) Version/18.5 Mobile/15E148 Safari/604.1","viewport":{"width":712,"height":325},"screen":{"width":375,"height":812},"deviceScaleFactor":3,"isMobile":true,"hasTouch":true,"defaultBrowserType":"webkit"}},{"name":"iPhone 13","descriptor":{"userAgent":"Mozilla/5.0 (iPhone; CPU iPhone OS 15_0 like Mac OS X) AppleWebKit/605.1.15 (KHTML, like Gecko) Version/18.5 Mobile/15E148 Safari/604.1","viewport":{"width":390,"height":664},"screen":{"width":390,"height":844},"deviceScaleFactor":3,"isMobile":true,"hasTouch":true,"defaultBrowserType":"webkit"}},{"name":"iPhone 13 landscape","descriptor":{"userAgent":"Mozilla/5.0 (iPhone; CPU iPhone OS 15_0 like Mac OS X) AppleWebKit/605.1.15 (KHTML, like Gecko) Version/18.5 Mobile/15E148 Safari/604.1","viewport":{"width":750,"height":342},"screen":{"width":390,"height":844},"deviceScaleFactor":3,"isMobile":true,"hasTouch":true,"defaultBrowserType":"webkit"}},{"name":"iPhone 13 Pro","descriptor":{"userAgent":"Mozilla/5.0 (iPhone; CPU iPhone OS 15_0 like Mac OS X) AppleWebKit/605.1.15 (KHTML, like Gecko) Version/18.5 Mobile/15E148 Safari/604.1","viewport":{"width":390,"height":664},"screen":{"width":390,"height":844},"deviceScaleFactor":3,"isMobile":true,"hasTouch":true,"defaultBrowserType":"webkit"}},{"name":"iPhone 13 Pro landscape","descriptor":{"userAgent":"Mozilla/5.0 (iPhone; CPU iPhone OS 15_0 like Mac OS X) AppleWebKit/605.1.15 (KHTML, like Gecko) Version/18.5 Mobile/15E148 Safari/604.1","viewport":{"width":750,"height":342},"screen":{"width":390,"height":844},"deviceScaleFactor":3,"isMobile":true,"hasTouch":true,"defaultBrowserType":"webkit"}},{"name":"iPhone 13 Pro Max","descriptor":{"userAgent":"Mozilla/5.0 (iPhone; CPU iPhone OS 15_0 like Mac OS X) AppleWebKit/605.1.15 (KHTML, like Gecko) Version/18.5 Mobile/15E148 Safari/604.1","viewport":{"width":428,"height":746},"screen":{"width":428,"height":926},"deviceScaleFactor":3,"isMobile":true,"hasTouch":true,"defaultBrowserType":"webkit"}},{"name":"iPhone 13 Pro Max landscape","descriptor":{"userAgent":"Mozilla/5.0 (iPhone; CPU iPhone OS 15_0 like Mac OS X) AppleWebKit/605.1.15 (KHTML, like Gecko) Version/18.5 Mobile/15E148 Safari/604.1","viewport":{"width":832,"height":380},"screen":{"width":428,"height":926},"deviceScaleFactor":3,"isMobile":true,"hasTouch":true,"defaultBrowserType":"webkit"}},{"name":"iPhone 13 Mini","descriptor":{"userAgent":"Mozilla/5.0 (iPhone; CPU iPhone OS 15_0 like Mac OS X) AppleWebKit/605.1.15 (KHTML, like Gecko) Version/18.5 Mobile/15E148 Safari/604.1","viewport":{"width":375,"height":629},"screen":{"width":375,"height":812},"deviceScaleFactor":3,"isMobile":true,"hasTouch":true,"defaultBrowserType":"webkit"}},{"name":"iPhone 13 Mini landscape","descriptor":{"userAgent":"Mozilla/5.0 (iPhone; CPU iPhone OS 15_0 like Mac OS X) AppleWebKit/605.1.15 (KHTML, like Gecko) Version/18.5 Mobile/15E148 Safari/604.1","viewport":{"width":712,"height":327},"screen":{"width":375,"height":812},"deviceScaleFactor":3,"isMobile":true,"hasTouch":true,"defaultBrowserType":"webkit"}},{"name":"iPhone 14","descriptor":{"userAgent":"Mozilla/5.0 (iPhone; CPU iPhone OS 16_0 like Mac OS X) AppleWebKit/605.1.15 (KHTML, like Gecko) Version/18.5 Mobile/15E148 Safari/604.1","viewport":{"width":390,"height":664},"screen":{"width":390,"height":844},"deviceScaleFactor":3,"isMobile":true,"hasTouch":true,"defaultBrowserType":"webkit"}},{"name":"iPhone 14 landscape","descriptor":{"userAgent":"Mozilla/5.0 (iPhone; CPU iPhone OS 16_0 like Mac OS X) AppleWebKit/605.1.15 (KHTML, like Gecko) Version/18.5 Mobile/15E148 Safari/604.1","viewport":{"width":750,"height":340},"screen":{"width":390,"height":844},"deviceScaleFactor":3,"isMobile":true,"hasTouch":true,"defaultBrowserType":"webkit"}},{"name":"iPhone 14 Plus","descriptor":{"userAgent":"Mozilla/5.0 (iPhone; CPU iPhone OS 16_0 like Mac OS X) AppleWebKit/605.1.15 (KHTML, like Gecko) Version/18.5 Mobile/15E148 Safari/604.1","viewport":{"width":428,"height":746},"screen":{"width":428,"height":926},"deviceScaleFactor":3,"isMobile":true,"hasTouch":true,"defaultBrowserType":"webkit"}},{"name":"iPhone 14 Plus landscape","descriptor":{"userAgent":"Mozilla/5.0 (iPhone; CPU iPhone OS 16_0 like Mac OS X) AppleWebKit/605.1.15 (KHTML, like Gecko) Version/18.5 Mobile/15E148 Safari/604.1","viewport":{"width":832,"height":378},"screen":{"width":428,"height":926},"deviceScaleFactor":3,"isMobile":true,"hasTouch":true,"defaultBrowserType":"webkit"}},{"name":"iPhone 14 Pro","descriptor":{"userAgent":"Mozilla/5.0 (iPhone; CPU iPhone OS 16_0 like Mac OS X) AppleWebKit/605.1.15 (KHTML, like Gecko) Version/18.5 Mobile/15E148 Safari/604.1","viewport":{"width":393,"height":660},"screen":{"width":393,"height":852},"deviceScaleFactor":3,"isMobile":true,"hasTouch":true,"defaultBrowserType":"webkit"}},{"name":"iPhone 14 Pro landscape","descriptor":{"userAgent":"Mozilla/5.0 (iPhone; CPU iPhone OS 16_0 like Mac OS X) AppleWebKit/605.1.15 (KHTML, like Gecko) Version/18.5 Mobile/15E148 Safari/604.1","viewport":{"width":734,"height":343},"screen":{"width":393,"height":852},"deviceScaleFactor":3,"isMobile":true,"hasTouch":true,"defaultBrowserType":"webkit"}},{"name":"iPhone 14 Pro Max","descriptor":{"userAgent":"Mozilla/5.0 (iPhone; CPU iPhone OS 16_0 like Mac OS X) AppleWebKit/605.1.15 (KHTML, like Gecko) Version/18.5 Mobile/15E148 Safari/604.1","viewport":{"width":430,"height":740},"screen":{"width":430,"height":932},"deviceScaleFactor":3,"isMobile":true,"hasTouch":true,"defaultBrowserType":"webkit"}},{"name":"iPhone 14 Pro Max landscape","descriptor":{"userAgent":"Mozilla/5.0 (iPhone; CPU iPhone OS 16_0 like Mac OS X) AppleWebKit/605.1.15 (KHTML, like Gecko) Version/18.5 Mobile/15E148 Safari/604.1","viewport":{"width":814,"height":380},"screen":{"width":430,"height":932},"deviceScaleFactor":3,"isMobile":true,"hasTouch":true,"defaultBrowserType":"webkit"}},{"name":"iPhone 15","descriptor":{"userAgent":"Mozilla/5.0 (iPhone; CPU iPhone OS 17_5 like Mac OS X) AppleWebKit/605.1.15 (KHTML, like Gecko) Version/18.5 Mobile/15E148 Safari/604.1","viewport":{"width":393,"height":659},"screen":{"width":393,"height":852},"deviceScaleFactor":3,"isMobile":true,"hasTouch":true,"defaultBrowserType":"webkit"}},{"name":"iPhone 15 landscape","descriptor":{"userAgent":"Mozilla/5.0 (iPhone; CPU iPhone OS 17_5 like Mac OS X) AppleWebKit/605.1.15 (KHTML, like Gecko) Version/18.5 Mobile/15E148 Safari/604.1","viewport":{"width":734,"height":343},"screen":{"width":393,"height":852},"deviceScaleFactor":3,"isMobile":true,"hasTouch":true,"defaultBrowserType":"webkit"}},{"name":"iPhone 15 Plus","descriptor":{"userAgent":"Mozilla/5.0 (iPhone; CPU iPhone OS 17_5 like Mac OS X) AppleWebKit/605.1.15 (KHTML, like Gecko) Version/18.5 Mobile/15E148 Safari/604.1","viewport":{"width":430,"height":739},"screen":{"width":430,"height":932},"deviceScaleFactor":3,"isMobile":true,"hasTouch":true,"defaultBrowserType":"webkit"}},{"name":"iPhone 15 Plus landscape","descriptor":{"userAgent":"Mozilla/5.0 (iPhone; CPU iPhone OS 17_5 like Mac OS X) AppleWebKit/605.1.15 (KHTML, like Gecko) Version/18.5 Mobile/15E148 Safari/604.1","viewport":{"width":814,"height":380},"screen":{"width":430,"height":932},"deviceScaleFactor":3,"isMobile":true,"hasTouch":true,"defaultBrowserType":"webkit"}},{"name":"iPhone 15 Pro","descriptor":{"userAgent":"Mozilla/5.0 (iPhone; CPU iPhone OS 17_5 like Mac OS X) AppleWebKit/605.1.15 (KHTML, like Gecko) Version/18.5 Mobile/15E148 Safari/604.1","viewport":{"width":393,"height":659},"screen":{"width":393,"height":852},"deviceScaleFactor":3,"isMobile":true,"hasTouch":true,"defaultBrowserType":"webkit"}},{"name":"iPhone 15 Pro landscape","descriptor":{"userAgent":"Mozilla/5.0 (iPhone; CPU iPhone OS 17_5 like Mac OS X) AppleWebKit/605.1.15 (KHTML, like Gecko) Version/18.5 Mobile/15E148 Safari/604.1","viewport":{"width":734,"height":343},"screen":{"width":393,"height":852},"deviceScaleFactor":3,"isMobile":true,"hasTouch":true,"defaultBrowserType":"webkit"}},{"name":"iPhone 15 Pro Max","descriptor":{"userAgent":"Mozilla/5.0 (iPhone; CPU iPhone OS 17_5 like Mac OS X) AppleWebKit/605.1.15 (KHTML, like Gecko) Version/18.5 Mobile/15E148 Safari/604.1","viewport":{"width":430,"height":739},"screen":{"width":430,"height":932},"deviceScaleFactor":3,"isMobile":true,"hasTouch":true,"defaultBrowserType":"webkit"}},{"name":"iPhone 15 Pro Max landscape","descriptor":{"userAgent":"Mozilla/5.0 (iPhone; CPU iPhone OS 17_5 like Mac OS X) AppleWebKit/605.1.15 (KHTML, like Gecko) Version/18.5 Mobile/15E148 Safari/604.1","viewport":{"width":814,"height":380},"screen":{"width":430,"height":932},"deviceScaleFactor":3,"isMobile":true,"hasTouch":true,"defaultBrowserType":"webkit"}},{"name":"Kindle Fire HDX","descriptor":{"userAgent":"Mozilla/5.0 (Linux; U; en-us; KFAPWI Build/JDQ39) AppleWebKit/535.19 (KHTML, like Gecko) Silk/3.13 Safari/535.19 Silk-Accelerated=true","viewport":{"width":800,"height":1280},"deviceScaleFactor":2,"isMobile":true,"hasTouch":true,"defaultBrowserType":"webkit"}},{"name":"Kindle Fire HDX landscape","descriptor":{"userAgent":"Mozilla/5.0 (Linux; U; en-us; KFAPWI Build/JDQ39) AppleWebKit/535.19 (KHTML, like Gecko) Silk/3.13 Safari/535.19 Silk-Accelerated=true","viewport":{"width":1280,"height":800},"deviceScaleFactor":2,"isMobile":true,"hasTouch":true,"defaultBrowserType":"webkit"}},{"name":"LG Optimus L70","descriptor":{"userAgent":"Mozilla/5.0 (Linux; U; Android 4.4.2; en-us; LGMS323 Build/KOT49I.MS32310c) AppleWebKit/537.36 (KHTML, like Gecko) Version/4.0 Chrome/138.0.7204.23 Mobile Safari/537.36","viewport":{"width":384,"height":640},"deviceScaleFactor":1.25,"isMobile":true,"hasTouch":true,"defaultBrowserType":"chromium"}},{"name":"LG Optimus L70 landscape","descriptor":{"userAgent":"Mozilla/5.0 (Linux; U; Android 4.4.2; en-us; LGMS323 Build/KOT49I.MS32310c) AppleWebKit/537.36 (KHTML, like Gecko) Version/4.0 Chrome/138.0.7204.23 Mobile Safari/537.36","viewport":{"width":640,"height":384},"deviceScaleFactor":1.25,"isMobile":true,"hasTouch":true,"defaultBrowserType":"chromium"}},{"name":"Microsoft Lumia 550","descriptor":{"userAgent":"Mozilla/5.0 (Windows Phone 10.0; Android 4.2.1; Microsoft; Lumia 550) AppleWebKit/537.36 (KHTML, like Gecko) Chrome/138.0.7204.23 Mobile Safari/537.36 Edge/14.14263","viewport":{"width":360,"height":640},"deviceScaleFactor":2,"isMobile":true,"hasTouch":true,"defaultBrowserType":"chromium"}},{"name":"Microsoft Lumia 550 landscape","descriptor":{"userAgent":"Mozilla/5.0 (Windows Phone 10.0; Android 4.2.1; Microsoft; Lumia 550) AppleWebKit/537.36 (KHTML, like Gecko) Chrome/138.0.7204.23 Mobile Safari/537.36 Edge/14.14263","viewport":{"width":640,"height":360},"deviceScaleFactor":2,"isMobile":true,"hasTouch":true,"defaultBrowserType":"chromium"}},{"name":"Microsoft Lumia 950","descriptor":{"userAgent":"Mozilla/5.0 (Windows Phone 10.0; Android 4.2.1; Microsoft; Lumia 950) AppleWebKit/537.36 (KHTML, like Gecko) Chrome/138.0.7204.23 Mobile Safari/537.36 Edge/14.14263","viewport":{"width":360,"height":640},"deviceScaleFactor":4,"isMobile":true,"hasTouch":true,"defaultBrowserType":"chromium"}},{"name":"Microsoft Lumia 950 landscape","descriptor":{"userAgent":"Mozilla/5.0 (Windows Phone 10.0; Android 4.2.1; Microsoft; Lumia 950) AppleWebKit/537.36 (KHTML, like Gecko) Chrome/138.0.7204.23 Mobile Safari/537.36 Edge/14.14263","viewport":{"width":640,"height":360},"deviceScaleFactor":4,"isMobile":true,"hasTouch":true,"defaultBrowserType":"chromium"}},{"name":"Nexus 10","descriptor":{"userAgent":"Mozilla/5.0 (Linux; Android 6.0.1; Nexus 10 Build/MOB31T) AppleWebKit/537.36 (KHTML, like Gecko) Chrome/138.0.7204.23 Safari/537.36","viewport":{"width":800,"height":1280},"deviceScaleFactor":2,"isMobile":true,"hasTouch":true,"defaultBrowserType":"chromium"}},{"name":"Nexus 10 landscape","descriptor":{"userAgent":"Mozilla/5.0 (Linux; Android 6.0.1; Nexus 10 Build/MOB31T) AppleWebKit/537.36 (KHTML, like Gecko) Chrome/138.0.7204.23 Safari/537.36","viewport":{"width":1280,"height":800},"deviceScaleFactor":2,"isMobile":true,"hasTouch":true,"defaultBrowserType":"chromium"}},{"name":"Nexus 4","descriptor":{"userAgent":"Mozilla/5.0 (Linux; Android 4.4.2; Nexus 4 Build/KOT49H) AppleWebKit/537.36 (KHTML, like Gecko) Chrome/138.0.7204.23 Mobile Safari/537.36","viewport":{"width":384,"height":640},"deviceScaleFactor":2,"isMobile":true,"hasTouch":true,"defaultBrowserType":"chromium"}},{"name":"Nexus 4 landscape","descriptor":{"userAgent":"Mozilla/5.0 (Linux; Android 4.4.2; Nexus 4 Build/KOT49H) AppleWebKit/537.36 (KHTML, like Gecko) Chrome/138.0.7204.23 Mobile Safari/537.36","viewport":{"width":640,"height":384},"deviceScaleFactor":2,"isMobile":true,"hasTouch":true,"defaultBrowserType":"chromium"}},{"name":"Nexus 5","descriptor":{"userAgent":"Mozilla/5.0 (Linux; Android 6.0; Nexus 5 Build/MRA58N) AppleWebKit/537.36 (KHTML, like Gecko) Chrome/138.0.7204.23 Mobile Safari/537.36","viewport":{"width":360,"height":640},"deviceScaleFactor":3,"isMobile":true,"hasTouch":true,"defaultBrowserType":"chromium"}},{"name":"Nexus 5 landscape","descriptor":{"userAgent":"Mozilla/5.0 (Linux; Android 6.0; Nexus 5 Build/MRA58N) AppleWebKit/537.36 (KHTML, like Gecko) Chrome/138.0.7204.23 Mobile Safari/537.36","viewport":{"width":640,"height":360},"deviceScaleFactor":3,"isMobile":true,"hasTouch":true,"defaultBrowserType":"chromium"}},{"name":"Nexus 5X","descriptor":{"userAgent":"Mozilla/5.0 (Linux; Android 8.0.0; Nexus 5X Build/OPR4.170623.006) AppleWebKit/537.36 (KHTML, like Gecko) Chrome/138.0.7204.23 Mobile Safari/537.36","viewport":{"width":412,"height":732},"deviceScaleFactor":2.625,"isMobile":true,"hasTouch":true,"defaultBrowserType":"chromium"}},{"name":"Nexus 5X landscape","descriptor":{"userAgent":"Mozilla/5.0 (Linux; Android 8.0.0; Nexus 5X Build/OPR4.170623.006) AppleWebKit/537.36 (KHTML, like Gecko) Chrome/138.0.7204.23 Mobile Safari/537.36","viewport":{"width":732,"height":412},"deviceScaleFactor":2.625,"isMobile":true,"hasTouch":true,"defaultBrowserType":"chromium"}},{"name":"Nexus 6","descriptor":{"userAgent":"Mozilla/5.0 (Linux; Android 7.1.1; Nexus 6 Build/N6F26U) AppleWebKit/537.36 (KHTML, like Gecko) Chrome/138.0.7204.23 Mobile Safari/537.36","viewport":{"width":412,"height":732},"deviceScaleFactor":3.5,"isMobile":true,"hasTouch":true,"defaultBrowserType":"chromium"}},{"name":"Nexus 6 landscape","descriptor":{"userAgent":"Mozilla/5.0 (Linux; Android 7.1.1; Nexus 6 Build/N6F26U) AppleWebKit/537.36 (KHTML, like Gecko) Chrome/138.0.7204.23 Mobile Safari/537.36","viewport":{"width":732,"height":412},"deviceScaleFactor":3.5,"isMobile":true,"hasTouch":true,"defaultBrowserType":"chromium"}},{"name":"Nexus 6P","descriptor":{"userAgent":"Mozilla/5.0 (Linux; Android 8.0.0; Nexus 6P Build/OPP3.170518.006) AppleWebKit/537.36 (KHTML, like Gecko) Chrome/138.0.7204.23 Mobile Safari/537.36","viewport":{"width":412,"height":732},"deviceScaleFactor":3.5,"isMobile":true,"hasTouch":true,"defaultBrowserType":"chromium"}},{"name":"Nexus 6P landscape","descriptor":{"userAgent":"Mozilla/5.0 (Linux; Android 8.0.0; Nexus 6P Build/OPP3.170518.006) AppleWebKit/537.36 (KHTML, like Gecko) Chrome/138.0.7204.23 Mobile Safari/537.36","viewport":{"width":732,"height":412},"deviceScaleFactor":3.5,"isMobile":true,"hasTouch":true,"defaultBrowserType":"chromium"}},{"name":"Nexus 7","descriptor":{"userAgent":"Mozilla/5.0 (Linux; Android 6.0.1; Nexus 7 Build/MOB30X) AppleWebKit/537.36 (KHTML, like Gecko) Chrome/138.0.7204.23 Safari/537.36","viewport":{"width":600,"height":960},"deviceScaleFactor":2,"isMobile":true,"hasTouch":true,"defaultBrowserType":"chromium"}},{"name":"Nexus 7 landscape","descriptor":{"userAgent":"Mozilla/5.0 (Linux; Android 6.0.1; Nexus 7 Build/MOB30X) AppleWebKit/537.36 (KHTML, like Gecko) Chrome/138.0.7204.23 Safari/537.36","viewport":{"width":960,"height":600},"deviceScaleFactor":2,"isMobile":true,"hasTouch":true,"defaultBrowserType":"chromium"}},{"name":"Nokia Lumia 520","descriptor":{"userAgent":"Mozilla/5.0 (compatible; MSIE 10.0; Windows Phone 8.0; Trident/6.0; IEMobile/10.0; ARM; Touch; NOKIA; Lumia 520)","viewport":{"width":320,"height":533},"deviceScaleFactor":1.5,"isMobile":true,"hasTouch":true,"defaultBrowserType":"chromium"}},{"name":"Nokia Lumia 520 landscape","descriptor":{"userAgent":"Mozilla/5.0 (compatible; MSIE 10.0; Windows Phone 8.0; Trident/6.0; IEMobile/10.0; ARM; Touch; NOKIA; Lumia 520)","viewport":{"width":533,"height":320},"deviceScaleFactor":1.5,"isMobile":true,"hasTouch":true,"defaultBrowserType":"chromium"}},{"name":"Nokia N9","descriptor":{"userAgent":"Mozilla/5.0 (MeeGo; NokiaN9) AppleWebKit/534.13 (KHTML, like Gecko) NokiaBrowser/8.5.0 Mobile Safari/534.13","viewport":{"width":480,"height":854},"deviceScaleFactor":1,"isMobile":true,"hasTouch":true,"defaultBrowserType":"webkit"}},{"name":"Nokia N9 landscape","descriptor":{"userAgent":"Mozilla/5.0 (MeeGo; NokiaN9) AppleWebKit/534.13 (KHTML, like Gecko) NokiaBrowser/8.5.0 Mobile Safari/534.13","viewport":{"width":854,"height":480},"deviceScaleFactor":1,"isMobile":true,"hasTouch":true,"defaultBrowserType":"webkit"}},{"name":"Pixel 2","descriptor":{"userAgent":"Mozilla/5.0 (Linux; Android 8.0; Pixel 2 Build/OPD3.170816.012) AppleWebKit/537.36 (KHTML, like Gecko) Chrome/138.0.7204.23 Mobile Safari/537.36","viewport":{"width":411,"height":731},"deviceScaleFactor":2.625,"isMobile":true,"hasTouch":true,"defaultBrowserType":"chromium"}},{"name":"Pixel 2 landscape","descriptor":{"userAgent":"Mozilla/5.0 (Linux; Android 8.0; Pixel 2 Build/OPD3.170816.012) AppleWebKit/537.36 (KHTML, like Gecko) Chrome/138.0.7204.23 Mobile Safari/537.36","viewport":{"width":731,"height":411},"deviceScaleFactor":2.625,"isMobile":true,"hasTouch":true,"defaultBrowserType":"chromium"}},{"name":"Pixel 2 XL","descriptor":{"userAgent":"Mozilla/5.0 (Linux; Android 8.0.0; Pixel 2 XL Build/OPD1.170816.004) AppleWebKit/537.36 (KHTML, like Gecko) Chrome/138.0.7204.23 Mobile Safari/537.36","viewport":{"width":411,"height":823},"deviceScaleFactor":3.5,"isMobile":true,"hasTouch":true,"defaultBrowserType":"chromium"}},{"name":"Pixel 2 XL landscape","descriptor":{"userAgent":"Mozilla/5.0 (Linux; Android 8.0.0; Pixel 2 XL Build/OPD1.170816.004) AppleWebKit/537.36 (KHTML, like Gecko) Chrome/138.0.7204.23 Mobile Safari/537.36","viewport":{"width":823,"height":411},"deviceScaleFactor":3.5,"isMobile":true,"hasTouch":true,"defaultBrowserType":"chromium"}},{"name":"Pixel 3","descriptor":{"userAgent":"Mozilla/5.0 (Linux; Android 9; Pixel 3 Build/PQ1A.181105.017.A1) AppleWebKit/537.36 (KHTML, like Gecko) Chrome/138.0.7204.23 Mobile Safari/537.36","viewport":{"width":393,"height":786},"deviceScaleFactor":2.75,"isMobile":true,"hasTouch":true,"defaultBrowserType":"chromium"}},{"name":"Pixel 3 landscape","descriptor":{"userAgent":"Mozilla/5.0 (Linux; Android 9; Pixel 3 Build/PQ1A.181105.017.A1) AppleWebKit/537.36 (KHTML, like Gecko) Chrome/138.0.7204.23 Mobile Safari/537.36","viewport":{"width":786,"height":393},"deviceScaleFactor":2.75,"isMobile":true,"hasTouch":true,"defaultBrowserType":"chromium"}},{"name":"Pixel 4","descriptor":{"userAgent":"Mozilla/5.0 (Linux; Android 10; Pixel 4) AppleWebKit/537.36 (KHTML, like Gecko) Chrome/138.0.7204.23 Mobile Safari/537.36","viewport":{"width":353,"height":745},"deviceScaleFactor":3,"isMobile":true,"hasTouch":true,"defaultBrowserType":"chromium"}},{"name":"Pixel 4 landscape","descriptor":{"userAgent":"Mozilla/5.0 (Linux; Android 10; Pixel 4) AppleWebKit/537.36 (KHTML, like Gecko) Chrome/138.0.7204.23 Mobile Safari/537.36","viewport":{"width":745,"height":353},"deviceScaleFactor":3,"isMobile":true,"hasTouch":true,"defaultBrowserType":"chromium"}},{"name":"Pixel 4a (5G)","descriptor":{"userAgent":"Mozilla/5.0 (Linux; Android 11; Pixel 4a (5G)) AppleWebKit/537.36 (KHTML, like Gecko) Chrome/138.0.7204.23 Mobile Safari/537.36","viewport":{"width":412,"height":765},"screen":{"width":412,"height":892},"deviceScaleFactor":2.63,"isMobile":true,"hasTouch":true,"defaultBrowserType":"chromium"}},{"name":"Pixel 4a (5G) landscape","descriptor":{"userAgent":"Mozilla/5.0 (Linux; Android 11; Pixel 4a (5G)) AppleWebKit/537.36 (KHTML, like Gecko) Chrome/138.0.7204.23 Mobile Safari/537.36","viewport":{"width":840,"height":312},"screen":{"width":412,"height":892},"deviceScaleFactor":2.63,"isMobile":true,"hasTouch":true,"defaultBrowserType":"chromium"}},{"name":"Pixel 5","descriptor":{"userAgent":"Mozilla/5.0 (Linux; Android 11; Pixel 5) AppleWebKit/537.36 (KHTML, like Gecko) Chrome/138.0.7204.23 Mobile Safari/537.36","viewport":{"width":393,"height":727},"screen":{"width":393,"height":851},"deviceScaleFactor":2.75,"isMobile":true,"hasTouch":true,"defaultBrowserType":"chromium"}},{"name":"Pixel 5 landscape","descriptor":{"userAgent":"Mozilla/5.0 (Linux; Android 11; Pixel 5) AppleWebKit/537.36 (KHTML, like Gecko) Chrome/138.0.7204.23 Mobile Safari/537.36","viewport":{"width":802,"height":293},"screen":{"width":851,"height":393},"deviceScaleFactor":2.75,"isMobile":true,"hasTouch":true,"defaultBrowserType":"chromium"}},{"name":"Pixel 7","descriptor":{"userAgent":"Mozilla/5.0 (Linux; Android 14; Pixel 7) AppleWebKit/537.36 (KHTML, like Gecko) Chrome/138.0.7204.23 Mobile Safari/537.36","viewport":{"width":412,"height":839},"screen":{"width":412,"height":915},"deviceScaleFactor":2.625,"isMobile":true,"hasTouch":true,"defaultBrowserType":"chromium"}},{"name":"Pixel 7 landscape","descriptor":{"userAgent":"Mozilla/5.0 (Linux; Android 14; Pixel 7) AppleWebKit/537.36 (KHTML, like Gecko) Chrome/138.0.7204.23 Mobile Safari/537.36","viewport":{"width":863,"height":360},"screen":{"width":915,"height":412},"deviceScaleFactor":2.625,"isMobile":true,"hasTouch":true,"defaultBrowserType":"chromium"}},{"name":"Moto G4","descriptor":{"userAgent":"Mozilla/5.0 (Linux; Android 7.0; Moto G (4)) AppleWebKit/537.36 (KHTML, like Gecko) Chrome/138.0.7204.23 Mobile Safari/537.36","viewport":{"width":360,"height":640},"deviceScaleFactor":3,"isMobile":true,"hasTouch":true,"defaultBrowserType":"chromium"}},{"name":"Moto G4 landscape","descriptor":{"userAgent":"Mozilla/5.0 (Linux; Android 7.0; Moto G (4)) AppleWebKit/537.36 (KHTML, like Gecko) Chrome/138.0.7204.23 Mobile Safari/537.36","viewport":{"width":640,"height":360},"deviceScaleFactor":3,"isMobile":true,"hasTouch":true,"defaultBrowserType":"chromium"}},{"name":"Desktop Chrome HiDPI","descriptor":{"userAgent":"Mozilla/5.0 (Windows NT 10.0; Win64; x64) AppleWebKit/537.36 (KHTML, like Gecko) Chrome/138.0.7204.23 Safari/537.36","viewport":{"width":1280,"height":720},"screen":{"width":1792,"height":1120},"deviceScaleFactor":2,"isMobile":false,"hasTouch":false,"defaultBrowserType":"chromium"}},{"name":"Desktop Edge HiDPI","descriptor":{"userAgent":"Mozilla/5.0 (Windows NT 10.0; Win64; x64) AppleWebKit/537.36 (KHTML, like Gecko) Chrome/138.0.7204.23 Safari/537.36 Edg/138.0.7204.23","viewport":{"width":1280,"height":720},"screen":{"width":1792,"height":1120},"deviceScaleFactor":2,"isMobile":false,"hasTouch":false,"defaultBrowserType":"chromium"}},{"name":"Desktop Firefox HiDPI","descriptor":{"userAgent":"Mozilla/5.0 (Windows NT 10.0; Win64; x64; rv:139.0) Gecko/20100101 Firefox/139.0","viewport":{"width":1280,"height":720},"screen":{"width":1792,"height":1120},"deviceScaleFactor":2,"isMobile":false,"hasTouch":false,"defaultBrowserType":"firefox"}},{"name":"Desktop Safari","descriptor":{"userAgent":"Mozilla/5.0 (Macintosh; Intel Mac OS X 10_15_7) AppleWebKit/605.1.15 (KHTML, like Gecko) Version/18.5 Safari/605.1.15","viewport":{"width":1280,"height":720},"screen":{"width":1792,"height":1120},"deviceScaleFactor":2,"isMobile":false,"hasTouch":false,"defaultBrowserType":"webkit"}},{"name":"Desktop Chrome","descriptor":{"userAgent":"Mozilla/5.0 (Windows NT 10.0; Win64; x64) AppleWebKit/537.36 (KHTML, like Gecko) Chrome/138.0.7204.23 Safari/537.36","viewport":{"width":1280,"height":720},"screen":{"width":1920,"height":1080},"deviceScaleFactor":1,"isMobile":false,"hasTouch":false,"defaultBrowserType":"chromium"}},{"name":"Desktop Edge","descriptor":{"userAgent":"Mozilla/5.0 (Windows NT 10.0; Win64; x64) AppleWebKit/537.36 (KHTML, like Gecko) Chrome/138.0.7204.23 Safari/537.36 Edg/138.0.7204.23","viewport":{"width":1280,"height":720},"screen":{"width":1920,"height":1080},"deviceScaleFactor":1,"isMobile":false,"hasTouch":false,"defaultBrowserType":"chromium"}},{"name":"Desktop Firefox","descriptor":{"userAgent":"Mozilla/5.0 (Windows NT 10.0; Win64; x64; rv:139.0) Gecko/20100101 Firefox/139.0","viewport":{"width":1280,"height":720},"screen":{"width":1920,"height":1080},"deviceScaleFactor":1,"isMobile":false,"hasTouch":false,"defaultBrowserType":"firefox"}}]},"guid":"localUtils"}}
2025-07-10T16:52:34.415Z pw:channel <EVENT {"guid":"","method":"__create__","params":{"type":"Playwright","initializer":{"chromium":{"guid":"browser-type@3c58b07d3d4c7dac961863d3a35761d9"},"firefox":{"guid":"browser-type@ed1fbfb6ebe0f6c17ad15377838464ae"},"webkit":{"guid":"browser-type@68a8df0845cf388068be7755304d2d9b"},"bidiChromium":{"guid":"browser-type@a98e463f4fab9187fcad4516cd3c61b2"},"bidiFirefox":{"guid":"browser-type@c0fcfd55914b9ef319fdff02dced9e57"},"android":{"guid":"android@f27eac17f66aee5261d288df2fc0bcb1"},"electron":{"guid":"electron@14684385dcacef1c3a1c5bbd2bb60728"},"utils":{"guid":"localUtils"}},"guid":"Playwright"}}
2025-07-10T16:52:35.741Z next:router-server:main requestHandler! /api/health {
  matchedOutput: {
    type: 'appFile',
    fsPath: undefined,
    locale: undefined,
    itemsRoot: undefined,
    itemPath: '/api/health'
  },
  statusCode: undefined,
  resHeaders: {
    'X-Frame-Options': 'DENY',
    'X-Content-Type-Options': 'nosniff',
    'Referrer-Policy': 'strict-origin-when-cross-origin'
  },
  bodyStream: false,
  parsedUrl: { pathname: '/api/health', query: [Object: null prototype] {} },
  finished: true
}
2025-07-10T16:52:35.745Z next:router-server:main invokeRender /api/health { host: 'localhost:3000', 'user-agent': 'curl/7.81.0', accept: '*/*' }
2025-07-10T16:52:35.776Z compression [ 'application/json' ] not compressible
2025-07-10T16:52:35.776Z compression no compression: filtered
2025-07-10T16:52:35.834Z next:router-server:main requestHandler! /api/health {
  matchedOutput: {
    type: 'appFile',
    fsPath: undefined,
    locale: undefined,
    itemsRoot: undefined,
    itemPath: '/api/health'
  },
  statusCode: undefined,
  resHeaders: {
    'X-Frame-Options': 'DENY',
    'X-Content-Type-Options': 'nosniff',
    'Referrer-Policy': 'strict-origin-when-cross-origin'
  },
  bodyStream: false,
  parsedUrl: { pathname: '/api/health', query: [Object: null prototype] {} },
  finished: true
}
2025-07-10T16:52:35.834Z next:router-server:main invokeRender /api/health { host: 'localhost:3000', 'user-agent': 'curl/7.81.0', accept: '*/*' }
2025-07-10T16:52:35.853Z compression [ 'application/json' ] not compressible
2025-07-10T16:52:35.854Z compression no compression: filtered
